<?xml version="1.0" encoding="UTF-8"?>
<!-- Generated by org.testng.reporters.JUnitXMLReporter -->
<testsuite hostname="DESKTOP-HAHT87R" ignored="0" name="TestB" tests="6" failures="2" timestamp="15 Feb 2018 15:08:39 GMT" time="0.077" errors="0">
  <testcase name="testB1_1" time="0.006" classname="SuiteB.TestB1">
    <failure type="java.lang.AssertionError" message="expected [yyyy] but found [xxxx]">
      <![CDATA[java.lang.AssertionError: expected [yyyy] but found [xxxx]
	at SuiteB.TestB1.testB1_1(TestB1.java:14)
... Removed 32 stack frames]]>
    </failure>
  </testcase> <!-- testB1_1 -->
  <testcase name="testB1_2" time="0.005" classname="SuiteB.TestB1"/>
  <testcase name="testB1_3" time="0.006" classname="SuiteB.TestB1"/>
  <testcase name="testB2_1" time="0.001" classname="SuiteB.TestB2"/>
  <testcase name="testB2_2" time="0.004" classname="SuiteB.TestB2">
    <skipped/>
  </testcase> <!-- testB2_2 -->
  <testcase name="testB2_3" time="0.002" classname="SuiteB.TestB2">
    <failure type="java.lang.AssertionError" message="expected [yyyy] but found [xxxx]">
      <![CDATA[java.lang.AssertionError: expected [yyyy] but found [xxxx]
	at SuiteB.TestB2.testB2_3(TestB2.java:26)
... Removed 32 stack frames]]>
    </failure>
  </testcase> <!-- testB2_3 -->
</testsuite> <!-- TestB -->
