<?xml version="1.0" encoding="UTF-8"?>
<!-- Generated by org.testng.reporters.JUnitXMLReporter -->
<testsuite hostname="DESKTOP-HAHT87R" ignored="0" name="Test B2" tests="3" failures="1" timestamp="15 Feb 2018 18:33:06 GMT" time="0.031" errors="0">
  <testcase name="testB2_1" time="0.004" classname="SuiteB.TestB2"/>
  <testcase name="testB2_2" time="0.003" classname="SuiteB.TestB2">
    <skipped/>
  </testcase> <!-- testB2_2 -->
  <testcase name="testB2_3" time="0.003" classname="SuiteB.TestB2">
    <failure type="java.lang.AssertionError" message="expected [yyyy] but found [xxxx]">
      <![CDATA[java.lang.AssertionError: expected [yyyy] but found [xxxx]
	at SuiteB.TestB2.testB2_3(TestB2.java:26)
... Removed 32 stack frames]]>
    </failure>
  </testcase> <!-- testB2_3 -->
</testsuite> <!-- Test B2 -->
