<?xml version="1.0" encoding="UTF-8"?>
<!-- Generated by org.testng.reporters.JUnitXMLReporter -->
<testsuite hostname="DESKTOP-HAHT87R" ignored="0" name="Test B1" tests="3" failures="1" timestamp="15 Feb 2018 18:33:06 GMT" time="0.077" errors="0">
  <testcase name="testB1_1" time="0.004" classname="SuiteB.TestB1">
    <failure type="java.lang.AssertionError" message="expected [yyyy] but found [xxxx]">
      <![CDATA[java.lang.AssertionError: expected [yyyy] but found [xxxx]
	at SuiteB.TestB1.testB1_1(TestB1.java:14)
... Removed 32 stack frames]]>
    </failure>
  </testcase> <!-- testB1_1 -->
  <testcase name="testB1_2" time="0.014" classname="SuiteB.TestB1"/>
  <testcase name="testB1_3" time="0.008" classname="SuiteB.TestB1"/>
</testsuite> <!-- Test B1 -->
