<?xml version="1.0" encoding="UTF-8"?>
<!-- Generated by org.testng.reporters.JUnitXMLReporter -->
<testsuite hostname="DESKTOP-HAHT87R" ignored="0" name="com.qtpselenium.selenium.TV9Part1" tests="2" failures="0" timestamp="11 Feb 2018 06:36:26 GMT" time="0.112" errors="0">
  <testcase name="ztest" time="0.019" classname="com.qtpselenium.selenium.TV9Part1.TestNgBasicAnnotations1"/>
  <testcase name="ytest" time="0.007" classname="com.qtpselenium.selenium.TV9Part1.TestNgBasicAnnotations2"/>
</testsuite> <!-- com.qtpselenium.selenium.TV9Part1 -->
