<?xml version="1.0" encoding="UTF-8"?>
<!-- Generated by org.testng.reporters.JUnitXMLReporter -->
<testsuite hostname="DESKTOP-HAHT87R" ignored="0" name="Test1" tests="3" failures="1" timestamp="13 Feb 2018 20:36:33 GMT" time="0.189" errors="0">
  <testcase name="testA" time="0.051" classname="com.qtpselenium.selenium.TV9Part5.ListenerOverirdeMethodsUse1"/>
  <testcase name="testB" time="0.013" classname="com.qtpselenium.selenium.TV9Part5.ListenerOverirdeMethodsUse1">
    <failure type="java.lang.AssertionError" message="TestB failed">
      <![CDATA[java.lang.AssertionError: TestB failed
	at com.qtpselenium.selenium.TV9Part5.ListenerOverirdeMethodsUse1.testB(ListenerOverirdeMethodsUse1.java:21)
	at java.util.concurrent.ThreadPoolExecutor.runWorker(Unknown Source)
	at java.util.concurrent.ThreadPoolExecutor$Worker.run(Unknown Source)
	at java.lang.Thread.run(Unknown Source)
... Removed 11 stack frames]]>
    </failure>
  </testcase> <!-- testB -->
  <testcase name="testC" time="0.005" classname="com.qtpselenium.selenium.TV9Part5.ListenerOverirdeMethodsUse1">
    <skipped/>
  </testcase> <!-- testC -->
</testsuite> <!-- Test1 -->
