<?xml version="1.0" encoding="UTF-8"?>
<!-- Generated by org.testng.reporters.JUnitXMLReporter -->
<testsuite hostname="DESKTOP-HAHT87R" ignored="0" name="Test2" tests="4" failures="0" timestamp="13 Feb 2018 13:41:15 GMT" time="0.081" errors="0">
  <testcase name="etest" time="0.001" classname="com.qtpselenium.selenium.TV9Part1.TestNgBasicAnnotations3"/>
  <testcase name="ftest" time="0.003" classname="com.qtpselenium.selenium.TV9Part1.TestNgBasicAnnotations3"/>
  <testcase name="ltest" time="0.002" classname="com.qtpselenium.selenium.TV9Part1.TestNgBasicAnnotations3"/>
  <testcase name="xtest" time="0.008" classname="com.qtpselenium.selenium.TV9Part1.TestNgBasicAnnotations3"/>
</testsuite> <!-- Test2 -->
