<?xml version="1.0" encoding="UTF-8"?>
<!-- Generated by org.testng.reporters.JUnitXMLReporter -->
<testsuite hostname="DESKTOP-HAHT87R" ignored="0" name="TestAD" tests="4" failures="0" timestamp="15 Feb 2018 11:13:03 GMT" time="0.088" errors="0">
  <testcase name="testA1" time="0.018" classname="com.qtpselenium.selenium.TV9Part7.TestA"/>
  <testcase name="testA2" time="0.0" classname="com.qtpselenium.selenium.TV9Part7.TestA"/>
  <testcase name="testD1" time="0.0" classname="com.qtpselenium.selenium.TV9Part7.TestD"/>
  <testcase name="testD2" time="0.001" classname="com.qtpselenium.selenium.TV9Part7.TestD"/>
</testsuite> <!-- TestAD -->
