<?xml version="1.0" encoding="UTF-8"?>
<testng-results skipped="0" failed="0" ignored="0" total="1" passed="1">
  <reporter-output>
  </reporter-output>
  <suite name="Default suite" duration-ms="190446" started-at="2018-04-29T05:51:35Z" finished-at="2018-04-29T05:54:46Z">
    <groups>
    </groups>
    <test name="Default test" duration-ms="190446" started-at="2018-04-29T05:51:35Z" finished-at="2018-04-29T05:54:46Z">
      <class name="trainingvideo13.MultileObjectInSection">
        <test-method status="PASS" signature="getElementsInSection()[pri:0, instance:trainingvideo13.MultileObjectInSection@7cd62f43]" name="getElementsInSection" duration-ms="187314" started-at="2018-04-29T11:21:35Z" finished-at="2018-04-29T11:24:43Z">
          <reporter-output>
          </reporter-output>
        </test-method> <!-- getElementsInSection -->
        <test-method status="PASS" signature="quit()[pri:0, instance:trainingvideo13.MultileObjectInSection@7cd62f43]" name="quit" is-config="true" duration-ms="3064" started-at="2018-04-29T11:24:43Z" finished-at="2018-04-29T11:24:46Z">
          <reporter-output>
          </reporter-output>
        </test-method> <!-- quit -->
      </class> <!-- trainingvideo13.MultileObjectInSection -->
    </test> <!-- Default test -->
  </suite> <!-- Default suite -->
</testng-results>
