<?xml version="1.0" encoding="UTF-8"?>
<!-- Generated by org.testng.reporters.JUnitXMLReporter -->
<testsuite hostname="DESKTOP-HAHT87R" ignored="0" name="TestB" tests="4" failures="0" timestamp="14 Feb 2018 18:19:17 GMT" time="0.009" errors="0">
  <testcase name="testB1" time="0.004" classname="TV9Part7.TestB"/>
  <testcase name="testB2" time="0.001" classname="TV9Part7.TestB"/>
  <testcase name="testC1" time="0.0" classname="TV9Part7.TestC"/>
  <testcase name="testC2" time="0.001" classname="TV9Part7.TestC"/>
</testsuite> <!-- TestB -->
