<?xml version="1.0" encoding="UTF-8"?>
<!-- Generated by org.testng.reporters.JUnitXMLReporter -->
<testsuite hostname="DESKTOP-HAHT87R" ignored="0" name="Test A2" tests="3" failures="0" timestamp="15 Feb 2018 18:33:06 GMT" time="0.074" errors="0">
  <testcase name="testA2_1" time="0.007" classname="SuiteA.TestA2">
    <skipped/>
  </testcase> <!-- testA2_1 -->
  <testcase name="testA2_2" time="0.005" classname="SuiteA.TestA2"/>
  <testcase name="testA2_3" time="0.009" classname="SuiteA.TestA2"/>
</testsuite> <!-- Test A2 -->
