<?xml version="1.0" encoding="UTF-8"?>
<!-- Generated by org.testng.reporters.JUnitXMLReporter -->
<testsuite hostname="DESKTOP-HAHT87R" ignored="0" name="TestA" tests="6" failures="1" timestamp="15 Feb 2018 15:08:39 GMT" time="0.261" errors="0">
  <testcase name="testA1_1" time="0.054" classname="SuiteA.TestA1"/>
  <testcase name="testA1_2" time="0.009" classname="SuiteA.TestA1">
    <failure type="java.lang.AssertionError" message="expected [yyyy] but found [xxxx]">
      <![CDATA[java.lang.AssertionError: expected [yyyy] but found [xxxx]
	at SuiteA.TestA1.testA1_2(TestA1.java:21)
... Removed 32 stack frames]]>
    </failure>
  </testcase> <!-- testA1_2 -->
  <testcase name="testA1_3" time="0.009" classname="SuiteA.TestA1">
    <skipped/>
  </testcase> <!-- testA1_3 -->
  <testcase name="testA2_1" time="0.007" classname="SuiteA.TestA2">
    <skipped/>
  </testcase> <!-- testA2_1 -->
  <testcase name="testA2_2" time="0.009" classname="SuiteA.TestA2"/>
  <testcase name="testA2_3" time="0.009" classname="SuiteA.TestA2"/>
</testsuite> <!-- TestA -->
