<?xml version="1.0" encoding="UTF-8"?>
<!-- Generated by org.testng.reporters.JUnitXMLReporter -->
<testsuite hostname="DESKTOP-HAHT87R" ignored="0" name="TestAD" tests="4" failures="0" timestamp="14 Feb 2018 18:24:23 GMT" time="0.071" errors="0">
  <testcase name="testA1" time="0.015" classname="TV9Part7.TestA"/>
  <testcase name="testA2" time="0.0" classname="TV9Part7.TestA"/>
  <testcase name="testD1" time="0.001" classname="TV9Part7.TestD"/>
  <testcase name="testD2" time="0.001" classname="TV9Part7.TestD"/>
</testsuite> <!-- TestAD -->
