<?xml version="1.0" encoding="UTF-8"?>
<!-- Generated by org.testng.reporters.JUnitXMLReporter -->
<testsuite hostname="DESKTOP-HAHT87R" ignored="0" name="TestBC" tests="4" failures="0" timestamp="14 Feb 2018 18:26:51 GMT" time="0.008" errors="0">
  <testcase name="testE1" time="0.0" classname="TV9Part7.TestE"/>
  <testcase name="testE2" time="0.001" classname="TV9Part7.TestE"/>
  <testcase name="testF1" time="0.0" classname="TV9Part7.TestF"/>
  <testcase name="testF2" time="0.0" classname="TV9Part7.TestF"/>
</testsuite> <!-- TestBC -->
